[2020-05-12 14:21:18] merlin-logger.DEBUG: The welcome step has been displayed [] []
[2020-05-12 14:21:26] merlin-logger.DEBUG: The demo select step has been displayed [] []
[2020-05-12 14:28:07] merlin-logger.DEBUG: The plugin installation step has been displayed [] []
[2020-05-12 14:30:10] merlin-logger.DEBUG: A plugin with the following data will be processed {"plugin_slug":"buddypress","message":"Installing"} []
[2020-05-12 14:30:52] merlin-logger.DEBUG: A plugin with the following data was processed {"plugin_slug":"buddypress"} []
[2020-05-12 14:30:53] merlin-logger.DEBUG: A plugin with the following data will be processed {"plugin_slug":"easy-custom-sidebars","message":"Installing"} []
[2020-05-12 14:31:02] merlin-logger.DEBUG: A plugin with the following data was processed {"plugin_slug":"easy-custom-sidebars"} []
[2020-05-12 14:31:03] merlin-logger.DEBUG: A plugin with the following data will be processed {"plugin_slug":"envato-market","message":"Installing"} []
[2020-05-12 14:31:09] merlin-logger.DEBUG: A plugin with the following data was processed {"plugin_slug":"envato-market"} []
[2020-05-12 14:31:09] merlin-logger.DEBUG: A plugin with the following data will be processed {"plugin_slug":"grimlock","message":"Installing"} []
[2020-05-12 14:31:36] merlin-logger.DEBUG: A plugin with the following data was processed {"plugin_slug":"grimlock"} []
[2020-05-12 14:31:37] merlin-logger.DEBUG: A plugin with the following data will be processed {"plugin_slug":"grimlock-buddypress","message":"Installing"} []
[2020-05-12 14:31:56] merlin-logger.DEBUG: A plugin with the following data was processed {"plugin_slug":"grimlock-buddypress"} []
[2020-05-12 14:31:57] merlin-logger.DEBUG: A plugin with the following data will be processed {"plugin_slug":"kirki","message":"Installing"} []
[2020-05-12 14:32:12] merlin-logger.DEBUG: A plugin with the following data was processed {"plugin_slug":"kirki"} []
[2020-05-12 14:32:17] merlin-logger.DEBUG: A plugin with the following data will be processed {"plugin_slug":"grimlock-login","message":"Installing"} []
[2020-05-12 14:32:26] merlin-logger.DEBUG: A plugin with the following data was processed {"plugin_slug":"grimlock-login"} []
[2020-05-12 14:32:29] merlin-logger.DEBUG: A plugin with the following data will be processed {"plugin_slug":"menu-image","message":"Installing"} []
[2020-05-12 14:32:51] merlin-logger.DEBUG: A plugin with the following data was processed {"plugin_slug":"menu-image"} []
[2020-05-12 14:32:52] merlin-logger.DEBUG: A plugin with the following data will be processed {"plugin_slug":"paid-memberships-pro","message":"Installing"} []
[2020-05-12 14:33:39] merlin-logger.DEBUG: A plugin with the following data was processed {"plugin_slug":"paid-memberships-pro"} []
[2020-05-12 14:33:40] merlin-logger.DEBUG: A plugin with the following data will be processed {"plugin_slug":"pmpro-buddypress","message":"Installing"} []
[2020-05-12 14:33:49] merlin-logger.DEBUG: A plugin with the following data was processed {"plugin_slug":"pmpro-buddypress"} []
[2020-05-12 14:33:50] merlin-logger.DEBUG: A plugin with the following data will be processed {"plugin_slug":"social-articles","message":"Installing"} []
[2020-05-12 14:35:15] merlin-logger.DEBUG: A plugin with the following data was processed {"plugin_slug":"social-articles"} []
[2020-05-12 14:35:17] merlin-logger.DEBUG: A plugin with the following data will be processed {"plugin_slug":"the-events-calendar","message":"Installing"} []
[2020-05-12 14:37:54] merlin-logger.DEBUG: A plugin with the following data will be processed {"plugin_slug":"the-events-calendar","message":"Installing"} []
[2020-05-12 14:37:56] merlin-logger.DEBUG: A plugin with the following data will be processed {"plugin_slug":"wordpress-popular-posts","message":"Installing"} []
[2020-05-12 14:38:14] merlin-logger.DEBUG: A plugin with the following data was processed {"plugin_slug":"wordpress-popular-posts"} []
[2020-05-12 14:38:16] merlin-logger.DEBUG: A plugin with the following data will be processed {"plugin_slug":"bbp-topic-count","message":"Installing"} []
[2020-05-12 14:38:31] merlin-logger.DEBUG: A plugin with the following data was processed {"plugin_slug":"bbp-topic-count"} []
[2020-05-12 14:38:33] merlin-logger.DEBUG: A plugin with the following data will be processed {"plugin_slug":"bbpress","message":"Installing"} []
[2020-05-12 14:38:50] merlin-logger.DEBUG: A plugin with the following data was processed {"plugin_slug":"bbpress"} []
[2020-05-12 14:38:51] merlin-logger.DEBUG: A plugin with the following data will be processed {"plugin_slug":"buddypress-media","message":"Installing"} []
[2020-05-12 14:39:27] merlin-logger.DEBUG: A plugin with the following data was processed {"plugin_slug":"buddypress-media"} []
[2020-05-12 14:39:35] merlin-logger.DEBUG: The content import step has been displayed [] []
[2020-05-12 14:42:49] merlin-logger.ERROR: An error occurred while fetching file from: <strong>https://files.themosaurus.com/cera/demos/intranet/demo-content.xml</strong>!<br>Reason: http_request_failed - cURL error 28: Operation timed out after 20012 milliseconds with 1295764 out of 1927046 bytes received. {"url":"https://files.themosaurus.com/cera/demos/intranet/demo-content.xml","filename":"content-2020-05-12__14-42-29.xml"} []
[2020-05-12 14:42:50] merlin-logger.ERROR: An error occurred while fetching file from: <strong>https://files.themosaurus.com/cera/demos/intranet/demo-content.xml</strong>!<br>Reason: http_request_failed - cURL error 28: Operation timed out after 20007 milliseconds with 1750436 out of 1927046 bytes received. {"url":"https://files.themosaurus.com/cera/demos/intranet/demo-content.xml","filename":"content-2020-05-12__14-42-29.xml"} []
[2020-05-12 14:42:51] merlin-logger.ERROR: Could not open the XML file for parsing! [] []
[2020-05-12 14:44:36] merlin-logger.DEBUG: The final step has been displayed [] []
[2020-05-12 14:58:07] merlin-logger.DEBUG: The welcome step has been displayed [] []
[2020-05-12 14:58:19] merlin-logger.DEBUG: The demo select step has been displayed [] []
[2020-05-12 14:58:25] merlin-logger.DEBUG: The plugin installation step has been displayed [] []
[2020-05-12 14:58:42] merlin-logger.DEBUG: The content import step has been displayed [] []
[2020-05-12 14:59:07] merlin-logger.ERROR: An error occurred while fetching file from: <strong>https://files.themosaurus.com/cera/demos/intranet/demo-content.xml</strong>!<br>Reason: http_request_failed - cURL error 28: Operation timed out after 20006 milliseconds with 1120556 out of 1927046 bytes received. {"url":"https://files.themosaurus.com/cera/demos/intranet/demo-content.xml","filename":"content-2020-05-12__14-58-47.xml"} []
[2020-05-12 14:59:08] merlin-logger.ERROR: An error occurred while fetching file from: <strong>https://files.themosaurus.com/cera/demos/intranet/demo-content.xml</strong>!<br>Reason: http_request_failed - cURL error 28: Operation timed out after 20000 milliseconds with 919284 out of 1927046 bytes received. {"url":"https://files.themosaurus.com/cera/demos/intranet/demo-content.xml","filename":"content-2020-05-12__14-58-47.xml"} []
[2020-05-12 14:59:09] merlin-logger.ERROR: Could not open the XML file for parsing! [] []
[2020-05-12 15:08:39] merlin-logger.DEBUG: The welcome step has been displayed [] []
[2020-05-12 15:09:14] merlin-logger.DEBUG: The demo select step has been displayed [] []
[2020-05-12 15:09:26] merlin-logger.DEBUG: The plugin installation step has been displayed [] []
[2020-05-12 15:10:34] merlin-logger.DEBUG: The content import step has been displayed [] []
[2020-05-12 15:11:01] merlin-logger.ERROR: An error occurred while fetching file from: <strong>https://files.themosaurus.com/cera/demos/intranet/demo-content.xml</strong>!<br>Reason: http_request_failed - cURL error 28: Operation timed out after 20002 milliseconds with 1614324 out of 1927046 bytes received. {"url":"https://files.themosaurus.com/cera/demos/intranet/demo-content.xml","filename":"content-2020-05-12__15-10-41.xml"} []
[2020-05-12 15:11:01] merlin-logger.ERROR: An error occurred while fetching file from: <strong>https://files.themosaurus.com/cera/demos/intranet/demo-content.xml</strong>!<br>Reason: http_request_failed - cURL error 28: Operation timed out after 20012 milliseconds with 1143724 out of 1927046 bytes received. {"url":"https://files.themosaurus.com/cera/demos/intranet/demo-content.xml","filename":"content-2020-05-12__15-10-41.xml"} []
[2020-05-12 15:11:03] merlin-logger.ERROR: Could not open the XML file for parsing! [] []
[2020-05-12 15:13:26] merlin-logger.DEBUG: The final step has been displayed [] []
[2020-05-12 15:39:44] merlin-logger.DEBUG: The welcome step has been displayed [] []
[2020-05-21 16:33:11] merlin-logger.DEBUG: The welcome step has been displayed [] []
[2020-05-21 16:33:15] merlin-logger.DEBUG: The demo select step has been displayed [] []
[2020-05-21 16:33:20] merlin-logger.DEBUG: The plugin installation step has been displayed [] []
[2020-06-12 08:14:44] merlin-logger.DEBUG: The welcome step has been displayed [] []
